  main.cpp
D:\CPP\SCI_INF\pracaNaLekcjiNr4\sort\sort\VectorAddition.h(12,14): warning C4244: "argument": konwersja z "time_t" do "unsigned int", możliwa utrata danych
D:\CPP\SCI_INF\pracaNaLekcjiNr4\sort\sort\VectorAddition.h(43): message : zobacz odwołanie do kompilowanego tworzenia wystąpienia „VectorAddition<T>” klasy klasa szablon
D:\CPP\SCI_INF\pracaNaLekcjiNr4\sort\sort\SortAlgoritm.h(24,2): warning C4018: "<": niezgodność typu ze znakiem/bez znaku
D:\CPP\SCI_INF\pracaNaLekcjiNr4\sort\sort\SortAlgoritm.h(21): message : podczas kompilowania funkcji składowej „void SortAlgoritm<char>::insertionSort(std::vector<char,std::allocator<char>> &)” klasy klasa szablon
D:\CPP\SCI_INF\pracaNaLekcjiNr4\sort\sort\main.cpp(113): message : zobacz odwołanie do kompilowanego tworzenia wystąpienia „void SortAlgoritm<char>::insertionSort(std::vector<char,std::allocator<char>> &)” funkcji szablon
D:\CPP\SCI_INF\pracaNaLekcjiNr4\sort\sort\main.cpp(43): message : zobacz odwołanie do kompilowanego tworzenia wystąpienia „SortAlgoritm<char>” klasy klasa szablon
D:\CPP\SCI_INF\pracaNaLekcjiNr4\sort\sort\VectorAddition.h(12,13): warning C4244: "argument": konwersja z "time_t" do "unsigned int", możliwa utrata danych
D:\CPP\SCI_INF\pracaNaLekcjiNr4\sort\sort\VectorAddition.h(11): message : podczas kompilowania funkcji składowej „void VectorAddition<char>::fillVector(std::vector<char,std::allocator<char>> &,unsigned int)” klasy klasa szablon
D:\CPP\SCI_INF\pracaNaLekcjiNr4\sort\sort\main.cpp(104): message : zobacz odwołanie do kompilowanego tworzenia wystąpienia „void VectorAddition<char>::fillVector(std::vector<char,std::allocator<char>> &,unsigned int)” funkcji szablon
D:\CPP\SCI_INF\pracaNaLekcjiNr4\sort\sort\main.cpp(42): message : zobacz odwołanie do kompilowanego tworzenia wystąpienia „VectorAddition<char>” klasy klasa szablon
D:\CPP\SCI_INF\pracaNaLekcjiNr4\sort\sort\VectorAddition.h(18,26): warning C4244: "=": konwersja z "float" do "_Ty", możliwa utrata danych
          with
          [
              _Ty=char
          ]
D:\CPP\SCI_INF\pracaNaLekcjiNr4\sort\sort\VectorAddition.h(20,24): warning C4244: "=": konwersja z "int" do "_Ty", możliwa utrata danych
          with
          [
              _Ty=float
          ]
D:\CPP\SCI_INF\pracaNaLekcjiNr4\sort\sort\VectorAddition.h(18,26): warning C4244: "=": konwersja z "float" do "_Ty", możliwa utrata danych
          with
          [
              _Ty=int
          ]
  sort.vcxproj -> D:\CPP\SCI_INF\pracaNaLekcjiNr4\sort\Debug\sort.exe
