d:\cpp\sci_inf\pracanalekcjinr4\sort\sort\debug\vc142.pdb
d:\cpp\sci_inf\pracanalekcjinr4\sort\sort\debug\vc142.idb
d:\cpp\sci_inf\pracanalekcjinr4\sort\sort\debug\vectoraddition.nativecodeanalysis.sarif
d:\cpp\sci_inf\pracanalekcjinr4\sort\sort\debug\vectoraddition.nativecodeanalysis.xml
d:\cpp\sci_inf\pracanalekcjinr4\sort\sort\debug\sortalgoritm.nativecodeanalysis.sarif
d:\cpp\sci_inf\pracanalekcjinr4\sort\sort\debug\sortalgoritm.nativecodeanalysis.xml
d:\cpp\sci_inf\pracanalekcjinr4\sort\sort\debug\main.nativecodeanalysis.sarif
d:\cpp\sci_inf\pracanalekcjinr4\sort\sort\debug\main.nativecodeanalysis.xml
d:\cpp\sci_inf\pracanalekcjinr4\sort\sort\debug\main.obj
d:\cpp\sci_inf\pracanalekcjinr4\sort\sort\debug\sortalgoritm.obj
d:\cpp\sci_inf\pracanalekcjinr4\sort\sort\debug\vectoraddition.obj
d:\cpp\sci_inf\pracanalekcjinr4\sort\debug\sort.pdb
d:\cpp\sci_inf\pracanalekcjinr4\sort\sort\debug\sort.tlog\cl.command.1.tlog
d:\cpp\sci_inf\pracanalekcjinr4\sort\sort\debug\sort.tlog\cl.read.1.tlog
d:\cpp\sci_inf\pracanalekcjinr4\sort\sort\debug\sort.tlog\cl.write.1.tlog
d:\cpp\sci_inf\pracanalekcjinr4\sort\sort\debug\sort.tlog\link-cvtres.read.1.tlog
d:\cpp\sci_inf\pracanalekcjinr4\sort\sort\debug\sort.tlog\link-cvtres.write.1.tlog
d:\cpp\sci_inf\pracanalekcjinr4\sort\sort\debug\sort.tlog\link-rc.read.1.tlog
d:\cpp\sci_inf\pracanalekcjinr4\sort\sort\debug\sort.tlog\link-rc.write.1.tlog
d:\cpp\sci_inf\pracanalekcjinr4\sort\sort\debug\sort.tlog\link.command.1.tlog
d:\cpp\sci_inf\pracanalekcjinr4\sort\sort\debug\sort.tlog\link.read.1.tlog
d:\cpp\sci_inf\pracanalekcjinr4\sort\sort\debug\sort.tlog\link.write.1.tlog
